[info]: 2023/08/27 16:33:14 [goroutine:UpdateToMySQL is running2023-08-27 16:33:14.4161201 +0800 CST m=+7.484954101]
[info]: 2023/08/27 16:35:56 [goroutine:UpdateToMySQL is running2023-08-27 16:35:56.5596544 +0800 CST m=+1.244681101]
[info]: 2023/08/27 16:56:33 [FeedRequest Token: lastest_time824638481440:]
[error]: 2023/08/27 16:56:33 [Cache Error Key:favorite:4 ErrorCause:redis: nil]
[error]: 2023/08/27 16:56:33 [Cache Error Key:favorite:3 ErrorCause:redis: nil]
[error]: 2023/08/27 16:56:33 [Cache Error Key:favorite:2 ErrorCause:redis: nil]
[info]: 2023/08/27 16:59:42 [FeedRequest Token: lastest_time824638481464:]
[error]: 2023/08/27 16:59:42 [Cache Error Key:favorite:4 ErrorCause:redis: nil]
[error]: 2023/08/27 16:59:42 [Cache Error Key:favorite:3 ErrorCause:redis: nil]
[error]: 2023/08/27 16:59:42 [Cache Error Key:favorite:2 ErrorCause:redis: nil]
[info]: 2023/08/27 17:25:57 [goroutine:UpdateToMySQL is running2023-08-27 17:25:57.2703466 +0800 CST m=+1.155853001]
[info]: 2023/08/27 17:40:45 [accept PublishAction Request token: title: ]
[info]: 2023/08/27 17:41:11 [accept PublishAction Request token: title: ]
[info]: 2023/08/27 17:41:16 [accept PublishAction Request token: title: ]
[info]: 2023/08/27 17:41:18 [accept PublishAction Request token: title: ]
[info]: 2023/08/27 17:41:18 [accept PublishAction Request token: title: ]
[info]: 2023/08/27 17:42:10 [accept PublishAction Request token: title: ]
[info]: 2023/08/27 17:42:55 [goroutine:UpdateToMySQL is running2023-08-27 17:42:55.5360642 +0800 CST m=+1.168122601]
[info]: 2023/08/27 17:44:04 [accept PublishAction Request token: title: ]
[info]: 2023/08/27 17:44:32 [accept PublishAction Request token: title: ]
[info]: 2023/08/27 17:44:37 [accept PublishAction Request token: title: ]
[info]: 2023/08/27 17:45:52 [accept PublishAction Request token:eyJhbGciOiJIUzI1NiIsInR5cCI6IkpXVCJ9.eyJpZCI6NiwidXNlcl9uYW1lIjoib3JpIiwiYXV0aG9yaXR5IjowLCJleHAiOjE2OTM3MzMwNTgsImlzcyI6Inh6In0.jsLfBk7VpZg21QFeAualRoXSCniAtkLM6DRKWvk9M78 title: mov56]
[error]: 2023/08/27 17:45:53 [OSS ERROR Failed to upload video: bad token]
