[error]: 2023/08/31 21:05:20 [<Favorite Count Update failed> videoId:28err:redis: nil]
[info]: 2023/08/31 21:05:20 [goroutine:UpdateToMySQL is running2023-08-31 21:05:20.49777 +0800 CST m=+2.041799401]
[info]: 2023/08/31 21:06:34 [FeedRequest Token:eyJhbGciOiJIUzI1NiIsInR5cCI6IkpXVCJ9.eyJpZCI6NiwidXNlcl9uYW1lIjoib3JpIiwiYXV0aG9yaXR5IjowLCJleHAiOjE2OTM5ODg3MjEsImlzcyI6Inh6In0.y12mfhr-QsTebKtNwS99xM6aEWNfPUdxkz8-QKMqusQ lastest_time:824636147080]
[info]: 2023/08/31 21:06:39 [FeedRequest Token:eyJhbGciOiJIUzI1NiIsInR5cCI6IkpXVCJ9.eyJpZCI6NiwidXNlcl9uYW1lIjoib3JpIiwiYXV0aG9yaXR5IjowLCJleHAiOjE2OTM5ODg3MjEsImlzcyI6Inh6In0.y12mfhr-QsTebKtNwS99xM6aEWNfPUdxkz8-QKMqusQ lastest_time:824636149344]
[error]: 2023/08/31 21:06:39 [Cache Error Key:favorite:28 ErrorCause:redis: nil]
[error]: 2023/08/31 21:06:39 [Cache Error Key:favorite:27 ErrorCause:redis: nil]
[error]: 2023/08/31 21:06:40 [Cache Error Key:favorite:26 ErrorCause:redis: nil]
[error]: 2023/08/31 21:06:40 [Cache Error Key:favorite:3 ErrorCause:redis: nil]
[error]: 2023/08/31 21:06:40 [Cache Error Key:favorite:2 ErrorCause:redis: nil]
[error]: 2023/08/31 21:06:40 [Cache Error Key:favorite:1 ErrorCause:redis: nil]
[info]: 2023/08/31 21:06:42 [PublishListRequest Token:eyJhbGciOiJIUzI1NiIsInR5cCI6IkpXVCJ9.eyJpZCI6NiwidXNlcl9uYW1lIjoib3JpIiwiYXV0aG9yaXR5IjowLCJleHAiOjE2OTM5ODg3MjEsImlzcyI6Inh6In0.y12mfhr-QsTebKtNwS99xM6aEWNfPUdxkz8-QKMqusQ UserId6:]
[info]: 2023/08/31 21:06:42 [Token Validated UserId:6]
[info]: 2023/08/31 21:06:43 [Return PublishListResponse]
[info]: 2023/08/31 21:06:45 [PublishListRequest Token:eyJhbGciOiJIUzI1NiIsInR5cCI6IkpXVCJ9.eyJpZCI6NiwidXNlcl9uYW1lIjoib3JpIiwiYXV0aG9yaXR5IjowLCJleHAiOjE2OTM5ODg3MjEsImlzcyI6Inh6In0.y12mfhr-QsTebKtNwS99xM6aEWNfPUdxkz8-QKMqusQ UserId19:]
[info]: 2023/08/31 21:06:45 [Token Validated UserId:19]
[info]: 2023/08/31 21:06:45 [Return PublishListResponse]
[info]: 2023/08/31 21:06:53 [PublishListRequest Token:eyJhbGciOiJIUzI1NiIsInR5cCI6IkpXVCJ9.eyJpZCI6NiwidXNlcl9uYW1lIjoib3JpIiwiYXV0aG9yaXR5IjowLCJleHAiOjE2OTM5ODg3MjEsImlzcyI6Inh6In0.y12mfhr-QsTebKtNwS99xM6aEWNfPUdxkz8-QKMqusQ UserId1:]
[info]: 2023/08/31 21:06:53 [Token Validated UserId:1]
[info]: 2023/08/31 21:06:53 [Return PublishListResponse]
[info]: 2023/08/31 21:06:57 [PublishListRequest Token:eyJhbGciOiJIUzI1NiIsInR5cCI6IkpXVCJ9.eyJpZCI6NiwidXNlcl9uYW1lIjoib3JpIiwiYXV0aG9yaXR5IjowLCJleHAiOjE2OTM5ODg3MjEsImlzcyI6Inh6In0.y12mfhr-QsTebKtNwS99xM6aEWNfPUdxkz8-QKMqusQ UserId6:]
[info]: 2023/08/31 21:06:57 [Token Validated UserId:6]
[info]: 2023/08/31 21:06:57 [Return PublishListResponse]
[info]: 2023/08/31 21:06:59 [PublishListRequest Token:eyJhbGciOiJIUzI1NiIsInR5cCI6IkpXVCJ9.eyJpZCI6NiwidXNlcl9uYW1lIjoib3JpIiwiYXV0aG9yaXR5IjowLCJleHAiOjE2OTM5ODg3MjEsImlzcyI6Inh6In0.y12mfhr-QsTebKtNwS99xM6aEWNfPUdxkz8-QKMqusQ UserId19:]
[info]: 2023/08/31 21:06:59 [Token Validated UserId:19]
[info]: 2023/08/31 21:06:59 [Return PublishListResponse]
[info]: 2023/08/31 21:07:04 [PublishListRequest Token:eyJhbGciOiJIUzI1NiIsInR5cCI6IkpXVCJ9.eyJpZCI6NiwidXNlcl9uYW1lIjoib3JpIiwiYXV0aG9yaXR5IjowLCJleHAiOjE2OTM5ODg3MjEsImlzcyI6Inh6In0.y12mfhr-QsTebKtNwS99xM6aEWNfPUdxkz8-QKMqusQ UserId17:]
[info]: 2023/08/31 21:07:04 [Token Validated UserId:17]
[info]: 2023/08/31 21:07:04 [Return PublishListResponse]
[info]: 2023/08/31 21:07:48 [FeedRequest Token:eyJhbGciOiJIUzI1NiIsInR5cCI6IkpXVCJ9.eyJpZCI6NiwidXNlcl9uYW1lIjoib3JpIiwiYXV0aG9yaXR5IjowLCJleHAiOjE2OTQwOTIwMzMsImlzcyI6Inh6In0.ygq_4jONCfuqC6iQ__60rZCzM9Y9Tv_MOOLJb7vAVxo lastest_time:824636492456]
[info]: 2023/08/31 21:07:52 [PublishListRequest Token:eyJhbGciOiJIUzI1NiIsInR5cCI6IkpXVCJ9.eyJpZCI6NiwidXNlcl9uYW1lIjoib3JpIiwiYXV0aG9yaXR5IjowLCJleHAiOjE2OTQwOTIwMzMsImlzcyI6Inh6In0.ygq_4jONCfuqC6iQ__60rZCzM9Y9Tv_MOOLJb7vAVxo UserId1:]
[info]: 2023/08/31 21:07:52 [Token Validated UserId:1]
[info]: 2023/08/31 21:07:52 [Return PublishListResponse]
[info]: 2023/08/31 21:09:04 [FeedRequest Token:eyJhbGciOiJIUzI1NiIsInR5cCI6IkpXVCJ9.eyJpZCI6NiwidXNlcl9uYW1lIjoib3JpIiwiYXV0aG9yaXR5IjowLCJleHAiOjE2OTQwOTIwMzMsImlzcyI6Inh6In0.ygq_4jONCfuqC6iQ__60rZCzM9Y9Tv_MOOLJb7vAVxo lastest_time:824637525472]
[info]: 2023/08/31 21:10:23 [PublishListRequest Token:eyJhbGciOiJIUzI1NiIsInR5cCI6IkpXVCJ9.eyJpZCI6NiwidXNlcl9uYW1lIjoib3JpIiwiYXV0aG9yaXR5IjowLCJleHAiOjE2OTQwOTIwMzMsImlzcyI6Inh6In0.ygq_4jONCfuqC6iQ__60rZCzM9Y9Tv_MOOLJb7vAVxo UserId6:]
[info]: 2023/08/31 21:10:23 [Token Validated UserId:6]
[info]: 2023/08/31 21:10:24 [Return PublishListResponse]
[info]: 2023/08/31 21:10:25 [PublishListRequest Token:eyJhbGciOiJIUzI1NiIsInR5cCI6IkpXVCJ9.eyJpZCI6NiwidXNlcl9uYW1lIjoib3JpIiwiYXV0aG9yaXR5IjowLCJleHAiOjE2OTQwOTIwMzMsImlzcyI6Inh6In0.ygq_4jONCfuqC6iQ__60rZCzM9Y9Tv_MOOLJb7vAVxo UserId6:]
[info]: 2023/08/31 21:10:25 [Token Validated UserId:6]
[info]: 2023/08/31 21:10:25 [PublishListRequest Token:eyJhbGciOiJIUzI1NiIsInR5cCI6IkpXVCJ9.eyJpZCI6NiwidXNlcl9uYW1lIjoib3JpIiwiYXV0aG9yaXR5IjowLCJleHAiOjE2OTQwOTIwMzMsImlzcyI6Inh6In0.ygq_4jONCfuqC6iQ__60rZCzM9Y9Tv_MOOLJb7vAVxo UserId6:]
[info]: 2023/08/31 21:10:25 [Token Validated UserId:6]
[info]: 2023/08/31 21:10:26 [Return PublishListResponse]
[info]: 2023/08/31 21:10:26 [Return PublishListResponse]
[info]: 2023/08/31 21:10:26 [PublishListRequest Token:eyJhbGciOiJIUzI1NiIsInR5cCI6IkpXVCJ9.eyJpZCI6NiwidXNlcl9uYW1lIjoib3JpIiwiYXV0aG9yaXR5IjowLCJleHAiOjE2OTQwOTIwMzMsImlzcyI6Inh6In0.ygq_4jONCfuqC6iQ__60rZCzM9Y9Tv_MOOLJb7vAVxo UserId19:]
[info]: 2023/08/31 21:10:26 [Token Validated UserId:19]
[info]: 2023/08/31 21:10:27 [Return PublishListResponse]
[info]: 2023/08/31 21:10:27 [PublishListRequest Token:eyJhbGciOiJIUzI1NiIsInR5cCI6IkpXVCJ9.eyJpZCI6NiwidXNlcl9uYW1lIjoib3JpIiwiYXV0aG9yaXR5IjowLCJleHAiOjE2OTQwOTIwMzMsImlzcyI6Inh6In0.ygq_4jONCfuqC6iQ__60rZCzM9Y9Tv_MOOLJb7vAVxo UserId6:]
[info]: 2023/08/31 21:10:27 [Token Validated UserId:6]
[info]: 2023/08/31 21:10:28 [Return PublishListResponse]
[info]: 2023/08/31 21:10:36 [FeedRequest Token:eyJhbGciOiJIUzI1NiIsInR5cCI6IkpXVCJ9.eyJpZCI6NiwidXNlcl9uYW1lIjoib3JpIiwiYXV0aG9yaXR5IjowLCJleHAiOjE2OTQwOTIwMzMsImlzcyI6Inh6In0.ygq_4jONCfuqC6iQ__60rZCzM9Y9Tv_MOOLJb7vAVxo lastest_time:824640593920]
[info]: 2023/08/31 21:10:47 [PublishListRequest Token:eyJhbGciOiJIUzI1NiIsInR5cCI6IkpXVCJ9.eyJpZCI6NiwidXNlcl9uYW1lIjoib3JpIiwiYXV0aG9yaXR5IjowLCJleHAiOjE2OTQwOTIwMzMsImlzcyI6Inh6In0.ygq_4jONCfuqC6iQ__60rZCzM9Y9Tv_MOOLJb7vAVxo UserId1:]
[info]: 2023/08/31 21:10:47 [Token Validated UserId:1]
[info]: 2023/08/31 21:10:47 [Return PublishListResponse]
[info]: 2023/08/31 21:10:54 [PublishListRequest Token:eyJhbGciOiJIUzI1NiIsInR5cCI6IkpXVCJ9.eyJpZCI6NiwidXNlcl9uYW1lIjoib3JpIiwiYXV0aG9yaXR5IjowLCJleHAiOjE2OTQwOTIwMzMsImlzcyI6Inh6In0.ygq_4jONCfuqC6iQ__60rZCzM9Y9Tv_MOOLJb7vAVxo UserId19:]
[info]: 2023/08/31 21:10:54 [Token Validated UserId:19]
[info]: 2023/08/31 21:10:54 [Return PublishListResponse]
[info]: 2023/08/31 21:12:17 [FeedRequest Token:eyJhbGciOiJIUzI1NiIsInR5cCI6IkpXVCJ9.eyJpZCI6NiwidXNlcl9uYW1lIjoib3JpIiwiYXV0aG9yaXR5IjowLCJleHAiOjE2OTQwOTIwMzMsImlzcyI6Inh6In0.ygq_4jONCfuqC6iQ__60rZCzM9Y9Tv_MOOLJb7vAVxo lastest_time:824638993896]
[info]: 2023/08/31 21:12:19 [PublishListRequest Token:eyJhbGciOiJIUzI1NiIsInR5cCI6IkpXVCJ9.eyJpZCI6NiwidXNlcl9uYW1lIjoib3JpIiwiYXV0aG9yaXR5IjowLCJleHAiOjE2OTQwOTIwMzMsImlzcyI6Inh6In0.ygq_4jONCfuqC6iQ__60rZCzM9Y9Tv_MOOLJb7vAVxo UserId1:]
[info]: 2023/08/31 21:12:19 [Token Validated UserId:1]
[info]: 2023/08/31 21:12:20 [Return PublishListResponse]
[info]: 2023/08/31 21:12:23 [FeedRequest Token:eyJhbGciOiJIUzI1NiIsInR5cCI6IkpXVCJ9.eyJpZCI6NiwidXNlcl9uYW1lIjoib3JpIiwiYXV0aG9yaXR5IjowLCJleHAiOjE2OTQwOTIwMzMsImlzcyI6Inh6In0.ygq_4jONCfuqC6iQ__60rZCzM9Y9Tv_MOOLJb7vAVxo lastest_time:824640600752]
[info]: 2023/08/31 21:13:26 [PublishListRequest Token:eyJhbGciOiJIUzI1NiIsInR5cCI6IkpXVCJ9.eyJpZCI6NiwidXNlcl9uYW1lIjoib3JpIiwiYXV0aG9yaXR5IjowLCJleHAiOjE2OTQwOTIwMzMsImlzcyI6Inh6In0.ygq_4jONCfuqC6iQ__60rZCzM9Y9Tv_MOOLJb7vAVxo UserId6:]
[info]: 2023/08/31 21:13:26 [Token Validated UserId:6]
[info]: 2023/08/31 21:13:26 [Return PublishListResponse]
[info]: 2023/08/31 21:13:28 [PublishListRequest Token:eyJhbGciOiJIUzI1NiIsInR5cCI6IkpXVCJ9.eyJpZCI6NiwidXNlcl9uYW1lIjoib3JpIiwiYXV0aG9yaXR5IjowLCJleHAiOjE2OTQwOTIwMzMsImlzcyI6Inh6In0.ygq_4jONCfuqC6iQ__60rZCzM9Y9Tv_MOOLJb7vAVxo UserId19:]
[info]: 2023/08/31 21:13:28 [Token Validated UserId:19]
[info]: 2023/08/31 21:13:28 [Return PublishListResponse]
[info]: 2023/08/31 21:15:32 [goroutine:UpdateToMySQL is running2023-08-31 21:15:32.1678822 +0800 CST m=+1.935712301]
[info]: 2023/08/31 21:16:14 [FeedRequest Token:eyJhbGciOiJIUzI1NiIsInR5cCI6IkpXVCJ9.eyJpZCI6NiwidXNlcl9uYW1lIjoib3JpIiwiYXV0aG9yaXR5IjowLCJleHAiOjE2OTQwOTIwMzMsImlzcyI6Inh6In0.ygq_4jONCfuqC6iQ__60rZCzM9Y9Tv_MOOLJb7vAVxo lastest_time:824638104416]
[info]: 2023/08/31 21:16:56 [FeedRequest Token:eyJhbGciOiJIUzI1NiIsInR5cCI6IkpXVCJ9.eyJpZCI6MjMsInVzZXJfbmFtZSI6InJhcXRwaWUiLCJhdXRob3JpdHkiOjAsImV4cCI6MTY5Mzk5MDY2MywiaXNzIjoieHoifQ.UHJ4dA555msPSu90srQkcyRUQFDwJ90wXB_gnkGOy6c lastest_time:824635965912]
[info]: 2023/08/31 21:16:58 [PublishListRequest Token:eyJhbGciOiJIUzI1NiIsInR5cCI6IkpXVCJ9.eyJpZCI6MjMsInVzZXJfbmFtZSI6InJhcXRwaWUiLCJhdXRob3JpdHkiOjAsImV4cCI6MTY5Mzk5MDY2MywiaXNzIjoieHoifQ.UHJ4dA555msPSu90srQkcyRUQFDwJ90wXB_gnkGOy6c UserId6:]
[info]: 2023/08/31 21:16:58 [Token Validated UserId:6]
[info]: 2023/08/31 21:16:59 [Return PublishListResponse]
[info]: 2023/08/31 21:17:00 [PublishListRequest Token:eyJhbGciOiJIUzI1NiIsInR5cCI6IkpXVCJ9.eyJpZCI6MjMsInVzZXJfbmFtZSI6InJhcXRwaWUiLCJhdXRob3JpdHkiOjAsImV4cCI6MTY5Mzk5MDY2MywiaXNzIjoieHoifQ.UHJ4dA555msPSu90srQkcyRUQFDwJ90wXB_gnkGOy6c UserId19:]
[info]: 2023/08/31 21:17:00 [Token Validated UserId:19]
[info]: 2023/08/31 21:17:00 [Return PublishListResponse]
[info]: 2023/08/31 21:17:06 [PublishListRequest Token:eyJhbGciOiJIUzI1NiIsInR5cCI6IkpXVCJ9.eyJpZCI6MjMsInVzZXJfbmFtZSI6InJhcXRwaWUiLCJhdXRob3JpdHkiOjAsImV4cCI6MTY5Mzk5MDY2MywiaXNzIjoieHoifQ.UHJ4dA555msPSu90srQkcyRUQFDwJ90wXB_gnkGOy6c UserId1:]
[info]: 2023/08/31 21:17:06 [Token Validated UserId:1]
[info]: 2023/08/31 21:17:06 [Return PublishListResponse]
[info]: 2023/08/31 21:17:26 [FeedRequest Token:eyJhbGciOiJIUzI1NiIsInR5cCI6IkpXVCJ9.eyJpZCI6NiwidXNlcl9uYW1lIjoib3JpIiwiYXV0aG9yaXR5IjowLCJleHAiOjE2OTQwOTIwMzMsImlzcyI6Inh6In0.ygq_4jONCfuqC6iQ__60rZCzM9Y9Tv_MOOLJb7vAVxo lastest_time:824640063976]
[info]: 2023/08/31 21:18:45 [FeedRequest Token:eyJhbGciOiJIUzI1NiIsInR5cCI6IkpXVCJ9.eyJpZCI6NiwidXNlcl9uYW1lIjoib3JpIiwiYXV0aG9yaXR5IjowLCJleHAiOjE2OTQwOTIwMzMsImlzcyI6Inh6In0.ygq_4jONCfuqC6iQ__60rZCzM9Y9Tv_MOOLJb7vAVxo lastest_time:824638105736]
[info]: 2023/08/31 21:18:58 [PublishListRequest Token:eyJhbGciOiJIUzI1NiIsInR5cCI6IkpXVCJ9.eyJpZCI6NiwidXNlcl9uYW1lIjoib3JpIiwiYXV0aG9yaXR5IjowLCJleHAiOjE2OTQwOTIwMzMsImlzcyI6Inh6In0.ygq_4jONCfuqC6iQ__60rZCzM9Y9Tv_MOOLJb7vAVxo UserId6:]
[info]: 2023/08/31 21:18:58 [Token Validated UserId:6]
[info]: 2023/08/31 21:18:59 [Return PublishListResponse]
[info]: 2023/08/31 21:18:59 [PublishListRequest Token:eyJhbGciOiJIUzI1NiIsInR5cCI6IkpXVCJ9.eyJpZCI6NiwidXNlcl9uYW1lIjoib3JpIiwiYXV0aG9yaXR5IjowLCJleHAiOjE2OTQwOTIwMzMsImlzcyI6Inh6In0.ygq_4jONCfuqC6iQ__60rZCzM9Y9Tv_MOOLJb7vAVxo UserId19:]
[info]: 2023/08/31 21:18:59 [Token Validated UserId:19]
[info]: 2023/08/31 21:18:59 [Return PublishListResponse]
[info]: 2023/08/31 21:19:03 [PublishListRequest Token:eyJhbGciOiJIUzI1NiIsInR5cCI6IkpXVCJ9.eyJpZCI6NiwidXNlcl9uYW1lIjoib3JpIiwiYXV0aG9yaXR5IjowLCJleHAiOjE2OTQwOTIwMzMsImlzcyI6Inh6In0.ygq_4jONCfuqC6iQ__60rZCzM9Y9Tv_MOOLJb7vAVxo UserId6:]
[info]: 2023/08/31 21:19:03 [Token Validated UserId:6]
[info]: 2023/08/31 21:19:03 [Return PublishListResponse]
[info]: 2023/08/31 21:19:05 [PublishListRequest Token:eyJhbGciOiJIUzI1NiIsInR5cCI6IkpXVCJ9.eyJpZCI6NiwidXNlcl9uYW1lIjoib3JpIiwiYXV0aG9yaXR5IjowLCJleHAiOjE2OTQwOTIwMzMsImlzcyI6Inh6In0.ygq_4jONCfuqC6iQ__60rZCzM9Y9Tv_MOOLJb7vAVxo UserId6:]
[info]: 2023/08/31 21:19:05 [Token Validated UserId:6]
[info]: 2023/08/31 21:19:06 [Return PublishListResponse]
[info]: 2023/08/31 21:19:10 [PublishListRequest Token:eyJhbGciOiJIUzI1NiIsInR5cCI6IkpXVCJ9.eyJpZCI6NiwidXNlcl9uYW1lIjoib3JpIiwiYXV0aG9yaXR5IjowLCJleHAiOjE2OTQwOTIwMzMsImlzcyI6Inh6In0.ygq_4jONCfuqC6iQ__60rZCzM9Y9Tv_MOOLJb7vAVxo UserId1:]
[info]: 2023/08/31 21:19:10 [Token Validated UserId:1]
[info]: 2023/08/31 21:19:10 [Return PublishListResponse]
[info]: 2023/08/31 21:20:25 [FeedRequest Token:eyJhbGciOiJIUzI1NiIsInR5cCI6IkpXVCJ9.eyJpZCI6NiwidXNlcl9uYW1lIjoib3JpIiwiYXV0aG9yaXR5IjowLCJleHAiOjE2OTQwOTIwMzMsImlzcyI6Inh6In0.ygq_4jONCfuqC6iQ__60rZCzM9Y9Tv_MOOLJb7vAVxo lastest_time:824637605056]
[info]: 2023/08/31 21:20:28 [PublishListRequest Token:eyJhbGciOiJIUzI1NiIsInR5cCI6IkpXVCJ9.eyJpZCI6NiwidXNlcl9uYW1lIjoib3JpIiwiYXV0aG9yaXR5IjowLCJleHAiOjE2OTQwOTIwMzMsImlzcyI6Inh6In0.ygq_4jONCfuqC6iQ__60rZCzM9Y9Tv_MOOLJb7vAVxo UserId6:]
[info]: 2023/08/31 21:20:28 [Token Validated UserId:6]
[info]: 2023/08/31 21:20:29 [Return PublishListResponse]
[info]: 2023/08/31 21:20:30 [PublishListRequest Token:eyJhbGciOiJIUzI1NiIsInR5cCI6IkpXVCJ9.eyJpZCI6NiwidXNlcl9uYW1lIjoib3JpIiwiYXV0aG9yaXR5IjowLCJleHAiOjE2OTQwOTIwMzMsImlzcyI6Inh6In0.ygq_4jONCfuqC6iQ__60rZCzM9Y9Tv_MOOLJb7vAVxo UserId19:]
[info]: 2023/08/31 21:20:30 [Token Validated UserId:19]
[info]: 2023/08/31 21:20:30 [Return PublishListResponse]
[info]: 2023/08/31 21:20:37 [PublishListRequest Token:eyJhbGciOiJIUzI1NiIsInR5cCI6IkpXVCJ9.eyJpZCI6NiwidXNlcl9uYW1lIjoib3JpIiwiYXV0aG9yaXR5IjowLCJleHAiOjE2OTQwOTIwMzMsImlzcyI6Inh6In0.ygq_4jONCfuqC6iQ__60rZCzM9Y9Tv_MOOLJb7vAVxo UserId1:]
[info]: 2023/08/31 21:20:37 [Token Validated UserId:1]
[info]: 2023/08/31 21:20:37 [Return PublishListResponse]
