[info]: 2023/08/28 14:59:56 [goroutine:UpdateToMySQL is running2023-08-28 14:59:56.0836861 +0800 CST m=+1.379968501]
[info]: 2023/08/28 15:00:50 [FeedRequest Token: lastest_time824637694936:]
[error]: 2023/08/28 15:00:50 [Cache Error Key:favorite:4 ErrorCause:redis: nil]
[error]: 2023/08/28 15:00:50 [Cache Error Key:favorite:3 ErrorCause:redis: nil]
[error]: 2023/08/28 15:00:50 [Cache Error Key:favorite:2 ErrorCause:redis: nil]
[info]: 2023/08/28 15:02:53 [FeedRequest Token: lastest_time824635900712:]
[info]: 2023/08/28 15:02:58 [FeedRequest Token: lastest_time824634820032:]
[info]: 2023/08/28 15:04:24 [PublishListRequest Token:eyJhbGciOiJIUzI1NiIsInR5cCI6IkpXVCJ9.eyJpZCI6NiwidXNlcl9uYW1lIjoib3JpIiwiYXV0aG9yaXR5IjowLCJleHAiOjE2OTM3MzMwNTgsImlzcyI6Inh6In0.jsLfBk7VpZg21QFeAualRoXSCniAtkLM6DRKWvk9M78 UserId6:]
[info]: 2023/08/28 15:04:24 [Token Validated UserId:6]
[error]: 2023/08/28 15:04:24 [Cache Error Key:favorite:2 ErrorCause:redis: nil]
[error]: 2023/08/28 15:04:24 [Cache Error Key:favorite:3 ErrorCause:redis: nil]
[error]: 2023/08/28 15:04:24 [Cache Error Key:favorite:4 ErrorCause:redis: nil]
[info]: 2023/08/28 15:04:24 [Return PublishListResponse]
[info]: 2023/08/28 15:04:46 [PublishListRequest Token:eyJhbGciOiJIUzI1NiIsInR5cCI6IkpXVCJ9.eyJpZCI6NiwidXNlcl9uYW1lIjoib3JpIiwiYXV0aG9yaXR5IjowLCJleHAiOjE2OTM3MzMwNTgsImlzcyI6Inh6In0.jsLfBk7VpZg21QFeAualRoXSCniAtkLM6DRKWvk9M78 UserId6:]
[info]: 2023/08/28 15:04:46 [Token Validated UserId:6]
[error]: 2023/08/28 15:04:46 [Cache Error Key:favorite:2 ErrorCause:redis: nil]
[error]: 2023/08/28 15:04:46 [Cache Error Key:favorite:3 ErrorCause:redis: nil]
[error]: 2023/08/28 15:04:46 [Cache Error Key:favorite:4 ErrorCause:redis: nil]
[info]: 2023/08/28 15:04:46 [Return PublishListResponse]
[info]: 2023/08/28 15:18:08 [goroutine:UpdateToMySQL is running2023-08-28 15:18:08.2612763 +0800 CST m=+1.155993701]
[info]: 2023/08/28 15:18:20 [PublishListRequest Token:eyJhbGciOiJIUzI1NiIsInR5cCI6IkpXVCJ9.eyJpZCI6NiwidXNlcl9uYW1lIjoib3JpIiwiYXV0aG9yaXR5IjowLCJleHAiOjE2OTM3MzMwNTgsImlzcyI6Inh6In0.jsLfBk7VpZg21QFeAualRoXSCniAtkLM6DRKWvk9M78 UserId6:]
[info]: 2023/08/28 15:18:20 [Token Validated UserId:6]
[error]: 2023/08/28 15:18:20 [Cache Error Key:favorite:2 ErrorCause:redis: nil]
[error]: 2023/08/28 15:18:20 [Cache Error Key:favorite:3 ErrorCause:redis: nil]
[error]: 2023/08/28 15:18:20 [Cache Error Key:favorite:4 ErrorCause:redis: nil]
[info]: 2023/08/28 15:18:20 [Return PublishListResponse]
[info]: 2023/08/28 15:20:42 [PublishListRequest Token:eyJhbGciOiJIUzI1NiIsInR5cCI6IkpXVCJ9.eyJpZCI6NiwidXNlcl9uYW1lIjoib3JpIiwiYXV0aG9yaXR5IjowLCJleHAiOjE2OTM3MzMwNTgsImlzcyI6Inh6In0.jsLfBk7VpZg21QFeAualRoXSCniAtkLM6DRKWvk9M78 UserId6:]
[info]: 2023/08/28 15:20:42 [Token Validated UserId:6]
[error]: 2023/08/28 15:20:42 [Cache Error Key:favorite:2 ErrorCause:redis: nil]
[error]: 2023/08/28 15:20:42 [Cache Error Key:favorite:3 ErrorCause:redis: nil]
[error]: 2023/08/28 15:20:42 [Cache Error Key:favorite:4 ErrorCause:redis: nil]
[info]: 2023/08/28 15:20:42 [Return PublishListResponse]
[info]: 2023/08/28 15:21:04 [PublishListRequest Token:eyJhbGciOiJIUzI1NiIsInR5cCI6IkpXVCJ9.eyJpZCI6NiwidXNlcl9uYW1lIjoib3JpIiwiYXV0aG9yaXR5IjowLCJleHAiOjE2OTM3MzMwNTgsImlzcyI6Inh6In0.jsLfBk7VpZg21QFeAualRoXSCniAtkLM6DRKWvk9M78 UserId6:]
[info]: 2023/08/28 15:21:04 [Token Validated UserId:6]
[error]: 2023/08/28 15:21:04 [Cache Error Key:favorite:2 ErrorCause:redis: nil]
[error]: 2023/08/28 15:21:04 [Cache Error Key:favorite:3 ErrorCause:redis: nil]
[error]: 2023/08/28 15:21:04 [Cache Error Key:favorite:4 ErrorCause:redis: nil]
[info]: 2023/08/28 15:21:04 [Return PublishListResponse]
[info]: 2023/08/28 15:21:25 [goroutine:UpdateToMySQL is running2023-08-28 15:21:25.7849282 +0800 CST m=+1.160370301]
[info]: 2023/08/28 15:29:57 [FeedRequest Token: lastest_time824635966144:]
[error]: 2023/08/28 15:29:57 [Cache Error Key:favorite:4 ErrorCause:redis: nil]
[error]: 2023/08/28 15:29:57 [Cache Error Key:favorite:3 ErrorCause:redis: nil]
[error]: 2023/08/28 15:29:58 [Cache Error Key:favorite:2 ErrorCause:redis: nil]
[info]: 2023/08/28 15:38:13 [accept PublishAction Request token:eyJhbGciOiJIUzI1NiIsInR5cCI6IkpXVCJ9.eyJpZCI6NiwidXNlcl9uYW1lIjoib3JpIiwiYXV0aG9yaXR5IjowLCJleHAiOjE2OTM3MzMwNTgsImlzcyI6Inh6In0.jsLfBk7VpZg21QFeAualRoXSCniAtkLM6DRKWvk9M78 title: mov56789]
[info]: 2023/08/28 15:38:14 [generate PlayURL: http://rzhmys0lm.hn-bkt.clouddn.com/public/6/mov56789_fb35f1ad3545974be2e75a4c766f31a9.mp4 AND CoverURL http://rzhmys0lm.hn-bkt.clouddn.com/public/6/mov56789_fb35f1ad3545974be2e75a4c766f31a9.jpg]
[info]: 2023/08/28 15:38:14 [Save Urls into DB]
[info]: 2023/08/28 15:38:14 [return PublishActionResponse]
[info]: 2023/08/28 15:44:18 [accept PublishAction Request token:eyJhbGciOiJIUzI1NiIsInR5cCI6IkpXVCJ9.eyJpZCI6NiwidXNlcl9uYW1lIjoib3JpIiwiYXV0aG9yaXR5IjowLCJleHAiOjE2OTM3MzMwNTgsImlzcyI6Inh6In0.jsLfBk7VpZg21QFeAualRoXSCniAtkLM6DRKWvk9M78 title: mov567899]
[info]: 2023/08/28 15:44:19 [generate PlayURL: http://rzhmys0lm.hn-bkt.clouddn.com/public/6/mov567899_97c87ff92e33742cef5ca407f34273d2.mp4 AND CoverURL http://rzhmys0lm.hn-bkt.clouddn.com/public/6/mov567899_97c87ff92e33742cef5ca407f34273d2.jpg]
[info]: 2023/08/28 15:44:19 [Save Urls into DB]
[info]: 2023/08/28 15:44:19 [return PublishActionResponse]
[info]: 2023/08/28 15:44:19 [PublishListRequest Token:eyJhbGciOiJIUzI1NiIsInR5cCI6IkpXVCJ9.eyJpZCI6NiwidXNlcl9uYW1lIjoib3JpIiwiYXV0aG9yaXR5IjowLCJleHAiOjE2OTM3MzMwNTgsImlzcyI6Inh6In0.jsLfBk7VpZg21QFeAualRoXSCniAtkLM6DRKWvk9M78 UserId6:]
[info]: 2023/08/28 15:44:19 [Token Validated UserId:6]
[error]: 2023/08/28 15:44:19 [Cache Error Key:favorite:2 ErrorCause:redis: nil]
[error]: 2023/08/28 15:44:19 [Cache Error Key:favorite:3 ErrorCause:redis: nil]
[error]: 2023/08/28 15:44:19 [Cache Error Key:favorite:4 ErrorCause:redis: nil]
[error]: 2023/08/28 15:44:19 [Cache Error Key:favorite:26 ErrorCause:redis: nil]
[error]: 2023/08/28 15:44:19 [Cache Error Key:favorite:27 ErrorCause:redis: nil]
[info]: 2023/08/28 15:44:19 [Return PublishListResponse]
