[info]: 2023/08/30 12:39:05 [goroutine:UpdateToMySQL is running2023-08-30 12:39:05.4523874 +0800 CST m=+1.303600301]
[info]: 2023/08/30 14:05:44 [goroutine:UpdateToMySQL is running2023-08-30 14:05:44.8084175 +0800 CST m=+1.183290001]
[info]: 2023/08/30 14:07:25 [FeedRequest Token:eyJhbGciOiJIUzI1NiIsInR5cCI6IkpXVCJ9.eyJpZCI6NiwidXNlcl9uYW1lIjoib3JpIiwiYXV0aG9yaXR5IjowLCJleHAiOjE2OTM5NzY2NjIsImlzcyI6Inh6In0.7ZggVy2qjIy24zmT6aNoNPNdg33Zrw0GWdwfRm-pCsg lastest_time:824636031072]
[error]: 2023/08/30 14:07:25 [Cache Error Key:favorite:27 ErrorCause:redis: nil]
[error]: 2023/08/30 14:07:25 [Cache Error Key:favorite:26 ErrorCause:redis: nil]
[error]: 2023/08/30 14:07:25 [Cache Error Key:favorite:4 ErrorCause:redis: nil]
[error]: 2023/08/30 14:07:26 [Cache Error Key:favorite:3 ErrorCause:redis: nil]
[error]: 2023/08/30 14:07:26 [Cache Error Key:favorite:2 ErrorCause:redis: nil]
[info]: 2023/08/30 14:07:27 [PublishListRequest Token:eyJhbGciOiJIUzI1NiIsInR5cCI6IkpXVCJ9.eyJpZCI6NiwidXNlcl9uYW1lIjoib3JpIiwiYXV0aG9yaXR5IjowLCJleHAiOjE2OTM5NzY2NjIsImlzcyI6Inh6In0.7ZggVy2qjIy24zmT6aNoNPNdg33Zrw0GWdwfRm-pCsg UserId6:]
[info]: 2023/08/30 14:07:27 [Token Validated UserId:6]
[info]: 2023/08/30 14:07:27 [Return PublishListResponse]
[info]: 2023/08/30 14:07:32 [PublishListRequest Token:eyJhbGciOiJIUzI1NiIsInR5cCI6IkpXVCJ9.eyJpZCI6NiwidXNlcl9uYW1lIjoib3JpIiwiYXV0aG9yaXR5IjowLCJleHAiOjE2OTM5NzY2NjIsImlzcyI6Inh6In0.7ZggVy2qjIy24zmT6aNoNPNdg33Zrw0GWdwfRm-pCsg UserId6:]
[info]: 2023/08/30 14:07:32 [Token Validated UserId:6]
[info]: 2023/08/30 14:07:32 [Return PublishListResponse]
[info]: 2023/08/30 14:10:55 [PublishListRequest Token:eyJhbGciOiJIUzI1NiIsInR5cCI6IkpXVCJ9.eyJpZCI6NiwidXNlcl9uYW1lIjoib3JpIiwiYXV0aG9yaXR5IjowLCJleHAiOjE2OTM5NzY2NjIsImlzcyI6Inh6In0.7ZggVy2qjIy24zmT6aNoNPNdg33Zrw0GWdwfRm-pCsg UserId6:]
[info]: 2023/08/30 14:10:55 [Token Validated UserId:6]
[info]: 2023/08/30 14:10:55 [Return PublishListResponse]
[info]: 2023/08/30 14:18:35 [PublishListRequest Token:eyJhbGciOiJIUzI1NiIsInR5cCI6IkpXVCJ9.eyJpZCI6NiwidXNlcl9uYW1lIjoib3JpIiwiYXV0aG9yaXR5IjowLCJleHAiOjE2OTM5NzY2NjIsImlzcyI6Inh6In0.7ZggVy2qjIy24zmT6aNoNPNdg33Zrw0GWdwfRm-pCsg UserId6:]
[info]: 2023/08/30 14:18:35 [Token Validated UserId:6]
[info]: 2023/08/30 14:18:35 [Return PublishListResponse]
[info]: 2023/08/30 14:23:45 [PublishListRequest Token:eyJhbGciOiJIUzI1NiIsInR5cCI6IkpXVCJ9.eyJpZCI6NiwidXNlcl9uYW1lIjoib3JpIiwiYXV0aG9yaXR5IjowLCJleHAiOjE2OTM5NzY2NjIsImlzcyI6Inh6In0.7ZggVy2qjIy24zmT6aNoNPNdg33Zrw0GWdwfRm-pCsg UserId6:]
[info]: 2023/08/30 14:23:45 [Token Validated UserId:6]
[info]: 2023/08/30 14:23:45 [Return PublishListResponse]
[info]: 2023/08/30 14:27:21 [PublishListRequest Token:eyJhbGciOiJIUzI1NiIsInR5cCI6IkpXVCJ9.eyJpZCI6NiwidXNlcl9uYW1lIjoib3JpIiwiYXV0aG9yaXR5IjowLCJleHAiOjE2OTM5NzY2NjIsImlzcyI6Inh6In0.7ZggVy2qjIy24zmT6aNoNPNdg33Zrw0GWdwfRm-pCsg UserId6:]
[info]: 2023/08/30 14:27:21 [Token Validated UserId:6]
[info]: 2023/08/30 14:27:22 [Return PublishListResponse]
[info]: 2023/08/30 15:57:55 [goroutine:UpdateToMySQL is running2023-08-30 15:57:55.3457624 +0800 CST m=+2.305875301]
[info]: 2023/08/30 15:58:33 [FeedRequest Token: lastest_time:824636991392]
[info]: 2023/08/30 15:58:44 [FeedRequest Token: lastest_time:824634818760]
[info]: 2023/08/30 15:59:52 [FeedRequest Token: lastest_time:824634820688]
[info]: 2023/08/30 16:00:08 [FeedRequest Token: lastest_time:824638480840]
[info]: 2023/08/30 16:00:12 [FeedRequest Token: lastest_time:824634818760]
[info]: 2023/08/30 16:00:47 [FeedRequest Token: lastest_time:824638481712]
[info]: 2023/08/30 16:00:57 [FeedRequest Token: lastest_time:824636991664]
[info]: 2023/08/30 16:02:27 [FeedRequest Token: lastest_time:824638481040]
[info]: 2023/08/30 16:02:41 [FeedRequest Token: lastest_time:824638481776]
[info]: 2023/08/30 16:04:42 [FeedRequest Token: lastest_time:824634818912]
[info]: 2023/08/30 16:07:13 [FeedRequest Token: lastest_time:824638989816]
[info]: 2023/08/30 16:07:24 [FeedRequest Token: lastest_time:824638481680]
[info]: 2023/08/30 16:08:52 [FeedRequest Token: lastest_time:824634819056]
[info]: 2023/08/30 16:08:58 [FeedRequest Token: lastest_time:824638989968]
[info]: 2023/08/30 16:10:48 [FeedRequest Token: lastest_time:824634819088]
[error]: 2023/08/30 16:10:49 [Cache Error Key:favorite:27 ErrorCause:redis: nil]
[error]: 2023/08/30 16:10:49 [Cache Error Key:favorite:2 ErrorCause:redis: nil]
[error]: 2023/08/30 16:10:49 [Cache Error Key:favorite:1 ErrorCause:redis: nil]
[info]: 2023/08/30 16:12:34 [FeedRequest Token: lastest_time:824636990248]
[info]: 2023/08/30 16:12:38 [FeedRequest Token: lastest_time:824636991736]
[info]: 2023/08/30 16:12:53 [FeedRequest Token: lastest_time:824634819072]
[info]: 2023/08/30 16:13:02 [FeedRequest Token: lastest_time:824636995224]
[info]: 2023/08/30 16:13:14 [FeedRequest Token: lastest_time:824636996800]
[info]: 2023/08/30 16:13:16 [FeedRequest Token: lastest_time:824638989216]
[info]: 2023/08/30 16:13:25 [FeedRequest Token: lastest_time:824636997248]
[info]: 2023/08/30 16:13:58 [FeedRequest Token: lastest_time:824638988496]
[info]: 2023/08/30 16:13:58 [FeedRequest Token: lastest_time:824638989472]
[error]: 2023/08/30 16:13:59 [Cache Error Key:favorite:28 ErrorCause:redis: nil]
[error]: 2023/08/30 16:13:59 [Cache Error Key:favorite:27 ErrorCause:redis: nil]
[error]: 2023/08/30 16:13:59 [Cache Error Key:favorite:2 ErrorCause:redis: nil]
[error]: 2023/08/30 16:13:59 [Cache Error Key:favorite:1 ErrorCause:redis: nil]
[error]: 2023/08/30 16:18:13 [<Favorite Count Update failed> videoId:1err:redis: nil]
[error]: 2023/08/30 16:18:13 [<Favorite Count Update failed> videoId:2err:redis: nil]
[error]: 2023/08/30 16:18:13 [<Favorite Count Update failed> videoId:27err:redis: nil]
[error]: 2023/08/30 16:18:13 [<Favorite Count Update failed> videoId:28err:redis: nil]
[info]: 2023/08/30 16:18:13 [goroutine:UpdateToMySQL is running2023-08-30 16:18:13.7475255 +0800 CST m=+2.568539801]
[info]: 2023/08/30 16:18:54 [FeedRequest Token: lastest_time:824638482376]
[error]: 2023/08/30 16:18:55 [Cache Error Key:favorite:28 ErrorCause:redis: nil]
[error]: 2023/08/30 16:18:55 [Cache Error Key:favorite:27 ErrorCause:redis: nil]
[error]: 2023/08/30 16:18:55 [Cache Error Key:favorite:2 ErrorCause:redis: nil]
[error]: 2023/08/30 16:18:55 [Cache Error Key:favorite:1 ErrorCause:redis: nil]
[info]: 2023/08/30 16:22:50 [FeedRequest Token: lastest_time:824633958960]
[error]: 2023/08/30 16:22:50 [Cache Error Key:favorite:28 ErrorCause:redis: nil]
[error]: 2023/08/30 16:22:51 [Cache Error Key:favorite:27 ErrorCause:redis: nil]
[error]: 2023/08/30 16:22:51 [Cache Error Key:favorite:2 ErrorCause:redis: nil]
[error]: 2023/08/30 16:22:51 [Cache Error Key:favorite:1 ErrorCause:redis: nil]
[info]: 2023/08/30 16:24:00 [FeedRequest Token: lastest_time:824637409840]
[info]: 2023/08/30 16:24:10 [FeedRequest Token: lastest_time:824634926040]
[info]: 2023/08/30 16:24:13 [FeedRequest Token: lastest_time:824634926472]
[info]: 2023/08/30 16:25:13 [FeedRequest Token: lastest_time:824638481160]
[info]: 2023/08/30 16:25:23 [PublishListRequest Token:eyJhbGciOiJIUzI1NiIsInR5cCI6IkpXVCJ9.eyJpZCI6NiwidXNlcl9uYW1lIjoib3JpIiwiYXV0aG9yaXR5IjowLCJleHAiOjE2OTM5ODg3MjEsImlzcyI6Inh6In0.y12mfhr-QsTebKtNwS99xM6aEWNfPUdxkz8-QKMqusQ UserId6:]
[info]: 2023/08/30 16:25:23 [Token Validated UserId:6]
[info]: 2023/08/30 16:25:24 [Return PublishListResponse]
