time="2023-08-18 22:43:43" level=info msg="[request]: 2"
time="2023-08-18 22:45:07" level=info msg="[request]: 2"
time="2023-08-18 22:45:27" level=info msg="[request]: 2"
time="2023-08-18 22:46:52" level=info msg="[request]: 2"
time=2023-08-18 22:50:28 level=info msg=[request]: 2
time=2023-08-18 22:52:40 level=info msg=[request]: 2
time=2023-08-18 22:53:47 level=info msg=[request]: 2
time=2023-08-18 22:55:54 level=info msg=[request]: 2
time="2023-08-18 23:02:05" level="info" msg="[request]: 2"
time="2023-08-18 23:03:08" level="info" msg="[request]: 2"
time=2023-08-18 23:04:04 level=info msg=[request]: 2
time=2023-08-18 23:06:06 level=info msg=[request]: 2
[go]: 2023/08/18 23:10:32 info [request]: 2
[go]: 2023/08/18 23:12:54 info requestId: 2
[go]: 2023/08/18 23:19:02 error requestId: 2
[error]: 2023/08/18 23:21:48 requestId: 2
[error]: 2023/08/18 23:22:27 [requestId: 2]
[info]: 2023/08/18 23:24:31 [requestId: 2]
[info]: 2023/08/18 23:36:48 [requestId: 2]
[info]: 2023/08/18 23:37:18 [requestId: 2]
